\BOOKMARK [1][-]{section*.2}{Contents}{}
\BOOKMARK [1][-]{section.1}{Module temporaldrt}{}
\BOOKMARK [2][-]{subsection.1.1}{Functions}{section.1}
\BOOKMARK [2][-]{subsection.1.2}{Variables}{section.1}
\BOOKMARK [2][-]{subsection.1.3}{Class AbstractDrs}{section.1}
\BOOKMARK [3][-]{subsubsection.1.3.1}{Methods}{subsection.1.3}
\BOOKMARK [3][-]{subsubsection.1.3.2}{Properties}{subsection.1.3}
\BOOKMARK [2][-]{subsection.1.4}{Class ConcatenationDRS}{section.1}
\BOOKMARK [3][-]{subsubsection.1.4.1}{Methods}{subsection.1.4}
\BOOKMARK [3][-]{subsubsection.1.4.2}{Properties}{subsection.1.4}
\BOOKMARK [2][-]{subsection.1.5}{Class DRS}{section.1}
\BOOKMARK [3][-]{subsubsection.1.5.1}{Methods}{subsection.1.5}
\BOOKMARK [3][-]{subsubsection.1.5.2}{Properties}{subsection.1.5}
\BOOKMARK [2][-]{subsection.1.6}{Class DrtAbstractVariableExpression}{section.1}
\BOOKMARK [3][-]{subsubsection.1.6.1}{Methods}{subsection.1.6}
\BOOKMARK [3][-]{subsubsection.1.6.2}{Properties}{subsection.1.6}
\BOOKMARK [2][-]{subsection.1.7}{Class DrtApplicationExpression}{section.1}
\BOOKMARK [3][-]{subsubsection.1.7.1}{Methods}{subsection.1.7}
\BOOKMARK [3][-]{subsubsection.1.7.2}{Properties}{subsection.1.7}
\BOOKMARK [2][-]{subsection.1.8}{Class DrtBooleanExpression}{section.1}
\BOOKMARK [3][-]{subsubsection.1.8.1}{Methods}{subsection.1.8}
\BOOKMARK [3][-]{subsubsection.1.8.2}{Properties}{subsection.1.8}
\BOOKMARK [2][-]{subsection.1.9}{Class DrtConstantExpression}{section.1}
\BOOKMARK [3][-]{subsubsection.1.9.1}{Methods}{subsection.1.9}
\BOOKMARK [3][-]{subsubsection.1.9.2}{Properties}{subsection.1.9}
\BOOKMARK [2][-]{subsection.1.10}{Class DrtEqualityExpression}{section.1}
\BOOKMARK [3][-]{subsubsection.1.10.1}{Methods}{subsection.1.10}
\BOOKMARK [3][-]{subsubsection.1.10.2}{Properties}{subsection.1.10}
\BOOKMARK [2][-]{subsection.1.11}{Class DrtEventVariableExpression}{section.1}
\BOOKMARK [3][-]{subsubsection.1.11.1}{Methods}{subsection.1.11}
\BOOKMARK [3][-]{subsubsection.1.11.2}{Properties}{subsection.1.11}
\BOOKMARK [2][-]{subsection.1.12}{Class DrtFunctionVariableExpression}{section.1}
\BOOKMARK [3][-]{subsubsection.1.12.1}{Methods}{subsection.1.12}
\BOOKMARK [3][-]{subsubsection.1.12.2}{Properties}{subsection.1.12}
\BOOKMARK [2][-]{subsection.1.13}{Class DrtIffExpression}{section.1}
\BOOKMARK [3][-]{subsubsection.1.13.1}{Methods}{subsection.1.13}
\BOOKMARK [3][-]{subsubsection.1.13.2}{Properties}{subsection.1.13}
\BOOKMARK [2][-]{subsection.1.14}{Class DrtImpExpression}{section.1}
\BOOKMARK [3][-]{subsubsection.1.14.1}{Methods}{subsection.1.14}
\BOOKMARK [3][-]{subsubsection.1.14.2}{Properties}{subsection.1.14}
\BOOKMARK [2][-]{subsection.1.15}{Class DrtIndividualVariableExpression}{section.1}
\BOOKMARK [3][-]{subsubsection.1.15.1}{Methods}{subsection.1.15}
\BOOKMARK [3][-]{subsubsection.1.15.2}{Properties}{subsection.1.15}
\BOOKMARK [2][-]{subsection.1.16}{Class DrtLambdaExpression}{section.1}
\BOOKMARK [3][-]{subsubsection.1.16.1}{Methods}{subsection.1.16}
\BOOKMARK [3][-]{subsubsection.1.16.2}{Properties}{subsection.1.16}
\BOOKMARK [2][-]{subsection.1.17}{Class DrtLocationTimeApplicationExpression}{section.1}
\BOOKMARK [3][-]{subsubsection.1.17.1}{Methods}{subsection.1.17}
\BOOKMARK [3][-]{subsubsection.1.17.2}{Properties}{subsection.1.17}
\BOOKMARK [2][-]{subsection.1.18}{Class DrtNegatedExpression}{section.1}
\BOOKMARK [3][-]{subsubsection.1.18.1}{Methods}{subsection.1.18}
\BOOKMARK [3][-]{subsubsection.1.18.2}{Properties}{subsection.1.18}
\BOOKMARK [2][-]{subsection.1.19}{Class DrtOrExpression}{section.1}
\BOOKMARK [3][-]{subsubsection.1.19.1}{Methods}{subsection.1.19}
\BOOKMARK [3][-]{subsubsection.1.19.2}{Properties}{subsection.1.19}
\BOOKMARK [2][-]{subsection.1.20}{Class DrtParser}{section.1}
\BOOKMARK [3][-]{subsubsection.1.20.1}{Methods}{subsection.1.20}
\BOOKMARK [3][-]{subsubsection.1.20.2}{Properties}{subsection.1.20}
\BOOKMARK [2][-]{subsection.1.21}{Class DrtPossiblePresuppAccomodationExpression}{section.1}
\BOOKMARK [3][-]{subsubsection.1.21.1}{Methods}{subsection.1.21}
\BOOKMARK [3][-]{subsubsection.1.21.2}{Properties}{subsection.1.21}
\BOOKMARK [2][-]{subsection.1.22}{Class DrtPresuppositionApplicationExpression}{section.1}
\BOOKMARK [3][-]{subsubsection.1.22.1}{Methods}{subsection.1.22}
\BOOKMARK [3][-]{subsubsection.1.22.2}{Properties}{subsection.1.22}
\BOOKMARK [2][-]{subsection.1.23}{Class DrtProperNameApplicationExpression}{section.1}
\BOOKMARK [3][-]{subsubsection.1.23.1}{Methods}{subsection.1.23}
\BOOKMARK [3][-]{subsubsection.1.23.2}{Properties}{subsection.1.23}
\BOOKMARK [2][-]{subsection.1.24}{Class DrtProperNameExpression}{section.1}
\BOOKMARK [3][-]{subsubsection.1.24.1}{Methods}{subsection.1.24}
\BOOKMARK [3][-]{subsubsection.1.24.2}{Properties}{subsection.1.24}
\BOOKMARK [2][-]{subsection.1.25}{Class DrtTimeApplicationExpression}{section.1}
\BOOKMARK [3][-]{subsubsection.1.25.1}{Methods}{subsection.1.25}
\BOOKMARK [3][-]{subsubsection.1.25.2}{Properties}{subsection.1.25}
\BOOKMARK [2][-]{subsection.1.26}{Class DrtTimeVariableExpression}{section.1}
\BOOKMARK [3][-]{subsubsection.1.26.1}{Methods}{subsection.1.26}
\BOOKMARK [3][-]{subsubsection.1.26.2}{Properties}{subsection.1.26}
\BOOKMARK [2][-]{subsection.1.27}{Class DrtTokens}{section.1}
\BOOKMARK [3][-]{subsubsection.1.27.1}{Methods}{subsection.1.27}
\BOOKMARK [3][-]{subsubsection.1.27.2}{Properties}{subsection.1.27}
\BOOKMARK [3][-]{subsubsection.1.27.3}{Class Variables}{subsection.1.27}
\BOOKMARK [2][-]{subsection.1.28}{Class LocationTimeResolutionException}{section.1}
\BOOKMARK [3][-]{subsubsection.1.28.1}{Methods}{subsection.1.28}
\BOOKMARK [3][-]{subsubsection.1.28.2}{Properties}{subsection.1.28}
\BOOKMARK [2][-]{subsection.1.29}{Class PossibleAntecedents}{section.1}
\BOOKMARK [3][-]{subsubsection.1.29.1}{Methods}{subsection.1.29}
\BOOKMARK [3][-]{subsubsection.1.29.2}{Properties}{subsection.1.29}
\BOOKMARK [3][-]{subsubsection.1.29.3}{Class Variables}{subsection.1.29}
\BOOKMARK [2][-]{subsection.1.30}{Class TimeType}{section.1}
\BOOKMARK [3][-]{subsubsection.1.30.1}{Methods}{subsection.1.30}
\BOOKMARK [3][-]{subsubsection.1.30.2}{Properties}{subsection.1.30}
\BOOKMARK [2][-]{subsection.1.31}{Class TimeVariableExpression}{section.1}
\BOOKMARK [3][-]{subsubsection.1.31.1}{Methods}{subsection.1.31}
\BOOKMARK [3][-]{subsubsection.1.31.2}{Properties}{subsection.1.31}
\BOOKMARK [3][-]{subsubsection.1.31.3}{Class Variables}{subsection.1.31}
\BOOKMARK [1][-]{section*.4}{Index}{}
