This is pdfTeX, Version 3.1415926-1.40.10 (TeX Live 2009/Debian) (format=latex 2010.8.28)  28 AUG 2010 14:07
entering extended mode
 restricted \write18 enabled.
 %&-line parsing enabled.
**api.tex
(./api.tex
LaTeX2e <2009/09/24>
Babel <v3.8l> and hyphenation patterns for english, usenglishmax, dumylang, noh
yphenation, loaded.
(/usr/share/texmf-texlive/tex/latex/base/article.cls
Document Class: article 2007/10/19 v1.4h Standard LaTeX document class
(/usr/share/texmf-texlive/tex/latex/base/size10.clo
File: size10.clo 2007/10/19 v1.4h Standard LaTeX file (size option)
)
\c@part=\count79
\c@section=\count80
\c@subsection=\count81
\c@subsubsection=\count82
\c@paragraph=\count83
\c@subparagraph=\count84
\c@figure=\count85
\c@table=\count86
\abovecaptionskip=\skip41
\belowcaptionskip=\skip42
\bibindent=\dimen102
)
(/usr/share/texmf-texlive/tex/latex/base/alltt.sty
Package: alltt 1997/06/16 v2.0g defines alltt environment
)
(/usr/share/texmf-texlive/tex/latex/ltxmisc/parskip.sty
Package: parskip 2001/04/09 non-zero parskip adjustments
)
(/usr/share/texmf-texlive/tex/latex/fancyhdr/fancyhdr.sty
\fancy@headwidth=\skip43
\f@ncyO@elh=\skip44
\f@ncyO@erh=\skip45
\f@ncyO@olh=\skip46
\f@ncyO@orh=\skip47
\f@ncyO@elf=\skip48
\f@ncyO@erf=\skip49
\f@ncyO@olf=\skip50
\f@ncyO@orf=\skip51
)
(/usr/share/texmf-texlive/tex/latex/ltxmisc/boxedminipage.sty)
(/usr/share/texmf-texlive/tex/latex/base/makeidx.sty
Package: makeidx 2000/03/29 v1.0m Standard LaTeX package
)
(/usr/share/texmf-texlive/tex/latex/multirow/multirow.sty
\bigstrutjot=\dimen103
)
(/usr/share/texmf-texlive/tex/latex/tools/longtable.sty
Package: longtable 2004/02/01 v4.11 Multi-page Table package (DPC)
\LTleft=\skip52
\LTright=\skip53
\LTpre=\skip54
\LTpost=\skip55
\LTchunksize=\count87
\LTcapwidth=\dimen104
\LT@head=\box26
\LT@firsthead=\box27
\LT@foot=\box28
\LT@lastfoot=\box29
\LT@cols=\count88
\LT@rows=\count89
\c@LT@tables=\count90
\c@LT@chunks=\count91
\LT@p@ftn=\toks14
)
(/usr/share/texmf-texlive/tex/latex/tocbibind/tocbibind.sty
Package: tocbibind 2009/09/04 v1.5i extra ToC listings


Package tocbibind Note: The document has section divisions.


Package tocbibind Note: Using section or other style headings.

) (/usr/share/texmf-texlive/tex/latex/amsfonts/amssymb.sty
Package: amssymb 2009/06/22 v3.00

(/usr/share/texmf-texlive/tex/latex/amsfonts/amsfonts.sty
Package: amsfonts 2009/06/22 v3.00 Basic AMSFonts support
\@emptytoks=\toks15
\symAMSa=\mathgroup4
\symAMSb=\mathgroup5
LaTeX Font Info:    Overwriting math alphabet `\mathfrak' in version `bold'
(Font)                  U/euf/m/n --> U/euf/b/n on input line 96.
))
(/usr/share/texmf-texlive/tex/latex/preprint/fullpage.sty
Package: fullpage 1999/02/23 1.1 (PWD)
\FP@margin=\skip56
)
(/usr/share/texmf-texlive/tex/latex/graphics/color.sty
Package: color 2005/11/14 v1.0j Standard LaTeX Color (DPC)

(/etc/texmf/tex/latex/config/color.cfg
File: color.cfg 2007/01/18 v1.5 color configuration of teTeX/TeXLive
)
Package color Info: Driver file: dvips.def on input line 130.

(/usr/share/texmf-texlive/tex/latex/graphics/dvips.def
File: dvips.def 1999/02/16 v3.0i Driver-dependant file (DPC,SPQR)
)
(/usr/share/texmf-texlive/tex/latex/graphics/dvipsnam.def
File: dvipsnam.def 1999/02/16 v3.0i Driver-dependant file (DPC,SPQR)
))
\BCL=\skip57
Package color Info: Redefining color py@inputcolour on input line 35.
\funcindent=\skip58
\funcwidth=\skip59
\varindent=\skip60
\varnamewidth=\skip61
\vardescrwidth=\skip62
\varwidth=\skip63

(/usr/share/texmf-texlive/tex/latex/base/inputenc.sty
Package: inputenc 2008/03/30 v1.1d Input encoding file
\inpenc@prehook=\toks16
\inpenc@posthook=\toks17

(/usr/share/texmf-texlive/tex/latex/base/utf8.def
File: utf8.def 2008/04/05 v1.1m UTF-8 support for inputenc
Now handling font encoding OML ...
... no UTF-8 mapping file for font encoding OML
Now handling font encoding T1 ...
... processing UTF-8 mapping file for font encoding T1

(/usr/share/texmf-texlive/tex/latex/base/t1enc.dfu
File: t1enc.dfu 2008/04/05 v1.1m UTF-8 support for inputenc
   defining Unicode char U+00A1 (decimal 161)
   defining Unicode char U+00A3 (decimal 163)
   defining Unicode char U+00AB (decimal 171)
   defining Unicode char U+00BB (decimal 187)
   defining Unicode char U+00BF (decimal 191)
   defining Unicode char U+00C0 (decimal 192)
   defining Unicode char U+00C1 (decimal 193)
   defining Unicode char U+00C2 (decimal 194)
   defining Unicode char U+00C3 (decimal 195)
   defining Unicode char U+00C4 (decimal 196)
   defining Unicode char U+00C5 (decimal 197)
   defining Unicode char U+00C6 (decimal 198)
   defining Unicode char U+00C7 (decimal 199)
   defining Unicode char U+00C8 (decimal 200)
   defining Unicode char U+00C9 (decimal 201)
   defining Unicode char U+00CA (decimal 202)
   defining Unicode char U+00CB (decimal 203)
   defining Unicode char U+00CC (decimal 204)
   defining Unicode char U+00CD (decimal 205)
   defining Unicode char U+00CE (decimal 206)
   defining Unicode char U+00CF (decimal 207)
   defining Unicode char U+00D0 (decimal 208)
   defining Unicode char U+00D1 (decimal 209)
   defining Unicode char U+00D2 (decimal 210)
   defining Unicode char U+00D3 (decimal 211)
   defining Unicode char U+00D4 (decimal 212)
   defining Unicode char U+00D5 (decimal 213)
   defining Unicode char U+00D6 (decimal 214)
   defining Unicode char U+00D8 (decimal 216)
   defining Unicode char U+00D9 (decimal 217)
   defining Unicode char U+00DA (decimal 218)
   defining Unicode char U+00DB (decimal 219)
   defining Unicode char U+00DC (decimal 220)
   defining Unicode char U+00DD (decimal 221)
   defining Unicode char U+00DE (decimal 222)
   defining Unicode char U+00DF (decimal 223)
   defining Unicode char U+00E0 (decimal 224)
   defining Unicode char U+00E1 (decimal 225)
   defining Unicode char U+00E2 (decimal 226)
   defining Unicode char U+00E3 (decimal 227)
   defining Unicode char U+00E4 (decimal 228)
   defining Unicode char U+00E5 (decimal 229)
   defining Unicode char U+00E6 (decimal 230)
   defining Unicode char U+00E7 (decimal 231)
   defining Unicode char U+00E8 (decimal 232)
   defining Unicode char U+00E9 (decimal 233)
   defining Unicode char U+00EA (decimal 234)
   defining Unicode char U+00EB (decimal 235)
   defining Unicode char U+00EC (decimal 236)
   defining Unicode char U+00ED (decimal 237)
   defining Unicode char U+00EE (decimal 238)
   defining Unicode char U+00EF (decimal 239)
   defining Unicode char U+00F0 (decimal 240)
   defining Unicode char U+00F1 (decimal 241)
   defining Unicode char U+00F2 (decimal 242)
   defining Unicode char U+00F3 (decimal 243)
   defining Unicode char U+00F4 (decimal 244)
   defining Unicode char U+00F5 (decimal 245)
   defining Unicode char U+00F6 (decimal 246)
   defining Unicode char U+00F8 (decimal 248)
   defining Unicode char U+00F9 (decimal 249)
   defining Unicode char U+00FA (decimal 250)
   defining Unicode char U+00FB (decimal 251)
   defining Unicode char U+00FC (decimal 252)
   defining Unicode char U+00FD (decimal 253)
   defining Unicode char U+00FE (decimal 254)
   defining Unicode char U+00FF (decimal 255)
   defining Unicode char U+0102 (decimal 258)
   defining Unicode char U+0103 (decimal 259)
   defining Unicode char U+0104 (decimal 260)
   defining Unicode char U+0105 (decimal 261)
   defining Unicode char U+0106 (decimal 262)
   defining Unicode char U+0107 (decimal 263)
   defining Unicode char U+010C (decimal 268)
   defining Unicode char U+010D (decimal 269)
   defining Unicode char U+010E (decimal 270)
   defining Unicode char U+010F (decimal 271)
   defining Unicode char U+0110 (decimal 272)
   defining Unicode char U+0111 (decimal 273)
   defining Unicode char U+0118 (decimal 280)
   defining Unicode char U+0119 (decimal 281)
   defining Unicode char U+011A (decimal 282)
   defining Unicode char U+011B (decimal 283)
   defining Unicode char U+011E (decimal 286)
   defining Unicode char U+011F (decimal 287)
   defining Unicode char U+0130 (decimal 304)
   defining Unicode char U+0131 (decimal 305)
   defining Unicode char U+0132 (decimal 306)
   defining Unicode char U+0133 (decimal 307)
   defining Unicode char U+0139 (decimal 313)
   defining Unicode char U+013A (decimal 314)
   defining Unicode char U+013D (decimal 317)
   defining Unicode char U+013E (decimal 318)
   defining Unicode char U+0141 (decimal 321)
   defining Unicode char U+0142 (decimal 322)
   defining Unicode char U+0143 (decimal 323)
   defining Unicode char U+0144 (decimal 324)
   defining Unicode char U+0147 (decimal 327)
   defining Unicode char U+0148 (decimal 328)
   defining Unicode char U+014A (decimal 330)
   defining Unicode char U+014B (decimal 331)
   defining Unicode char U+0150 (decimal 336)
   defining Unicode char U+0151 (decimal 337)
   defining Unicode char U+0152 (decimal 338)
   defining Unicode char U+0153 (decimal 339)
   defining Unicode char U+0154 (decimal 340)
   defining Unicode char U+0155 (decimal 341)
   defining Unicode char U+0158 (decimal 344)
   defining Unicode char U+0159 (decimal 345)
   defining Unicode char U+015A (decimal 346)
   defining Unicode char U+015B (decimal 347)
   defining Unicode char U+015E (decimal 350)
   defining Unicode char U+015F (decimal 351)
   defining Unicode char U+0160 (decimal 352)
   defining Unicode char U+0161 (decimal 353)
   defining Unicode char U+0162 (decimal 354)
   defining Unicode char U+0163 (decimal 355)
   defining Unicode char U+0164 (decimal 356)
   defining Unicode char U+0165 (decimal 357)
   defining Unicode char U+016E (decimal 366)
   defining Unicode char U+016F (decimal 367)
   defining Unicode char U+0170 (decimal 368)
   defining Unicode char U+0171 (decimal 369)
   defining Unicode char U+0178 (decimal 376)
   defining Unicode char U+0179 (decimal 377)
   defining Unicode char U+017A (decimal 378)
   defining Unicode char U+017B (decimal 379)
   defining Unicode char U+017C (decimal 380)
   defining Unicode char U+017D (decimal 381)
   defining Unicode char U+017E (decimal 382)
   defining Unicode char U+200C (decimal 8204)
   defining Unicode char U+2013 (decimal 8211)
   defining Unicode char U+2014 (decimal 8212)
   defining Unicode char U+2018 (decimal 8216)
   defining Unicode char U+2019 (decimal 8217)
   defining Unicode char U+201A (decimal 8218)
   defining Unicode char U+201C (decimal 8220)
   defining Unicode char U+201D (decimal 8221)
   defining Unicode char U+201E (decimal 8222)
   defining Unicode char U+2030 (decimal 8240)
   defining Unicode char U+2031 (decimal 8241)
   defining Unicode char U+2039 (decimal 8249)
   defining Unicode char U+203A (decimal 8250)
   defining Unicode char U+2423 (decimal 9251)
)
Now handling font encoding OT1 ...
... processing UTF-8 mapping file for font encoding OT1

(/usr/share/texmf-texlive/tex/latex/base/ot1enc.dfu
File: ot1enc.dfu 2008/04/05 v1.1m UTF-8 support for inputenc
   defining Unicode char U+00A1 (decimal 161)
   defining Unicode char U+00A3 (decimal 163)
   defining Unicode char U+00B8 (decimal 184)
   defining Unicode char U+00BF (decimal 191)
   defining Unicode char U+00C5 (decimal 197)
   defining Unicode char U+00C6 (decimal 198)
   defining Unicode char U+00D8 (decimal 216)
   defining Unicode char U+00DF (decimal 223)
   defining Unicode char U+00E6 (decimal 230)
   defining Unicode char U+00EC (decimal 236)
   defining Unicode char U+00ED (decimal 237)
   defining Unicode char U+00EE (decimal 238)
   defining Unicode char U+00EF (decimal 239)
   defining Unicode char U+00F8 (decimal 248)
   defining Unicode char U+0131 (decimal 305)
   defining Unicode char U+0141 (decimal 321)
   defining Unicode char U+0142 (decimal 322)
   defining Unicode char U+0152 (decimal 338)
   defining Unicode char U+0153 (decimal 339)
   defining Unicode char U+2013 (decimal 8211)
   defining Unicode char U+2014 (decimal 8212)
   defining Unicode char U+2018 (decimal 8216)
   defining Unicode char U+2019 (decimal 8217)
   defining Unicode char U+201C (decimal 8220)
   defining Unicode char U+201D (decimal 8221)
)
Now handling font encoding OMS ...
... processing UTF-8 mapping file for font encoding OMS

(/usr/share/texmf-texlive/tex/latex/base/omsenc.dfu
File: omsenc.dfu 2008/04/05 v1.1m UTF-8 support for inputenc
   defining Unicode char U+00A7 (decimal 167)
   defining Unicode char U+00B6 (decimal 182)
   defining Unicode char U+00B7 (decimal 183)
   defining Unicode char U+2020 (decimal 8224)
   defining Unicode char U+2021 (decimal 8225)
   defining Unicode char U+2022 (decimal 8226)
)
Now handling font encoding OMX ...
... no UTF-8 mapping file for font encoding OMX
Now handling font encoding U ...
... no UTF-8 mapping file for font encoding U
   defining Unicode char U+00A9 (decimal 169)
   defining Unicode char U+00AA (decimal 170)
   defining Unicode char U+00AE (decimal 174)
   defining Unicode char U+00BA (decimal 186)
   defining Unicode char U+02C6 (decimal 710)
   defining Unicode char U+02DC (decimal 732)
   defining Unicode char U+200C (decimal 8204)
   defining Unicode char U+2026 (decimal 8230)
   defining Unicode char U+2122 (decimal 8482)
   defining Unicode char U+2423 (decimal 9251)
))
(/usr/share/texmf-texlive/tex/latex/hyperref/hyperref.sty
Package: hyperref 2009/10/09 v6.79a Hypertext links for LaTeX

(/usr/share/texmf-texlive/tex/latex/graphics/keyval.sty
Package: keyval 1999/03/16 v1.13 key=value parser (DPC)
\KV@toks@=\toks18
)
(/usr/share/texmf-texlive/tex/generic/oberdiek/ifpdf.sty
Package: ifpdf 2009/04/10 v2.0 Provides the ifpdf switch (HO)
Package ifpdf Info: pdfTeX in pdf mode not detected.
)
(/usr/share/texmf-texlive/tex/generic/oberdiek/ifvtex.sty
Package: ifvtex 2008/11/04 v1.4 Switches for detecting VTeX and its modes (HO)
Package ifvtex Info: VTeX not detected.
)
(/usr/share/texmf-texlive/tex/generic/ifxetex/ifxetex.sty
Package: ifxetex 2009/01/23 v0.5 Provides ifxetex conditional
)
(/usr/share/texmf-texlive/tex/latex/oberdiek/hycolor.sty
Package: hycolor 2009/10/02 v1.5 Code for color options of hyperref/bookmark (H
O)

(/usr/share/texmf-texlive/tex/latex/oberdiek/xcolor-patch.sty
Package: xcolor-patch 2009/10/02 xcolor patch
))
\@linkdim=\dimen105
\Hy@linkcounter=\count92
\Hy@pagecounter=\count93

(/usr/share/texmf-texlive/tex/latex/hyperref/pd1enc.def
File: pd1enc.def 2009/10/09 v6.79a Hyperref: PDFDocEncoding definition (HO)
Now handling font encoding PD1 ...
... no UTF-8 mapping file for font encoding PD1
)
(/usr/share/texmf-texlive/tex/generic/oberdiek/etexcmds.sty
Package: etexcmds 2007/12/12 v1.2 Prefix for e-TeX command names (HO)

(/usr/share/texmf-texlive/tex/generic/oberdiek/infwarerr.sty
Package: infwarerr 2007/09/09 v1.2 Providing info/warning/message (HO)
)
Package etexcmds Info: Could not find \expanded.
(etexcmds)             That can mean that you are not using pdfTeX 1.50 or
(etexcmds)             that some package has redefined \expanded.
(etexcmds)             In the latter case, load this package earlier.
)
(/usr/share/texmf-texlive/tex/latex/latexconfig/hyperref.cfg
File: hyperref.cfg 2002/06/06 v1.2 hyperref configuration of TeXLive
)
(/usr/share/texmf-texlive/tex/latex/oberdiek/kvoptions.sty
Package: kvoptions 2009/08/13 v3.4 Keyval support for LaTeX options (HO)

(/usr/share/texmf-texlive/tex/generic/oberdiek/kvsetkeys.sty
Package: kvsetkeys 2009/07/30 v1.5 Key value parser with default handler suppor
t (HO)
))
Package hyperref Info: Option `bookmarks' set `true' on input line 2864.
Package hyperref Info: Option `bookmarksopen' set `false' on input line 2864.
Package hyperref Info: Option `colorlinks' set `true' on input line 2864.


Package hyperref Warning: Option `pagecolor' is not available anymore.

Package hyperref Info: Hyper figures OFF on input line 2975.
Package hyperref Info: Link nesting OFF on input line 2980.
Package hyperref Info: Hyper index ON on input line 2983.
Package hyperref Info: Plain pages OFF on input line 2990.
Package hyperref Info: Backreferencing ON on input line 2993.
Implicit mode ON; LaTeX internals redefined
Package hyperref Info: Bookmarks ON on input line 3191.
(/usr/share/texmf-texlive/tex/latex/hyperref/backref.sty
Package: backref 2006/09/05 v1.28 Bibliographical back referencing
)
(/usr/share/texmf-texlive/tex/latex/ltxmisc/url.sty
\Urlmuskip=\muskip10
Package: url 2006/04/12  ver 3.3  Verb mode for urls, etc.
)
LaTeX Info: Redefining \url on input line 3428.

(/usr/share/texmf-texlive/tex/generic/oberdiek/bitset.sty
Package: bitset 2007/09/28 v1.0 Data type bit set (HO)

(/usr/share/texmf-texlive/tex/generic/oberdiek/intcalc.sty
Package: intcalc 2007/09/27 v1.1 Expandable integer calculations (HO)
)
(/usr/share/texmf-texlive/tex/generic/oberdiek/bigintcalc.sty
Package: bigintcalc 2007/11/11 v1.1 Expandable big integer calculations (HO)

(/usr/share/texmf-texlive/tex/generic/oberdiek/pdftexcmds.sty
Package: pdftexcmds 2009/09/23 v0.6 LuaTeX support for pdfTeX utility functions
 (HO)

(/usr/share/texmf-texlive/tex/generic/oberdiek/ifluatex.sty
Package: ifluatex 2009/04/17 v1.2 Provides the ifluatex switch (HO)
Package ifluatex Info: LuaTeX not detected.
)
(/usr/share/texmf-texlive/tex/generic/oberdiek/ltxcmds.sty
Package: ltxcmds 2009/08/05 v1.0 Some LaTeX kernel commands for general use (HO
)
)
Package pdftexcmds Info: LuaTeX not detected.
Package pdftexcmds Info: \pdf@primitive is available.
Package pdftexcmds Info: \pdf@ifprimitive is available.
)))
\Fld@menulength=\count94
\Field@Width=\dimen106
\Fld@charsize=\dimen107
\Field@toks=\toks19
Package hyperref Info: Hyper figures OFF on input line 4377.
Package hyperref Info: Link nesting OFF on input line 4382.
Package hyperref Info: Hyper index ON on input line 4385.
Package hyperref Info: backreferencing ON on input line 4390.
Package hyperref Info: Link coloring ON on input line 4395.
Package hyperref Info: Link coloring with OCG OFF on input line 4402.
Package hyperref Info: PDF/A mode OFF on input line 4407.

(/usr/share/texmf-texlive/tex/generic/oberdiek/atbegshi.sty
Package: atbegshi 2008/07/31 v1.9 At begin shipout hook (HO)
)
\Hy@abspage=\count95
\c@Item=\count96
\c@Hfootnote=\count97
)
*hyperref using driver hdvips*
(/usr/share/texmf-texlive/tex/latex/hyperref/hdvips.def
File: hdvips.def 2009/10/09 v6.79a Hyperref driver for dvips

(/usr/share/texmf-texlive/tex/latex/hyperref/pdfmark.def
File: pdfmark.def 2009/10/09 v6.79a Hyperref definitions for pdfmark specials
\pdf@docset=\toks20
\pdf@box=\box30
\pdf@toks=\toks21
\pdf@defaulttoks=\toks22
\Fld@listcount=\count98
))
\@indexfile=\write3
\openout3 = `api.idx'.


Writing index file api.idx
(./api.aux (./temporaldrt-module.aux

LaTeX Warning: Label `temporaldrt:AbstractDrs:normalize' multiply defined.


LaTeX Warning: Label `temporaldrt:AbstractDrs:normalize' multiply defined.


LaTeX Warning: Label `temporaldrt:AbstractDrs:normalize' multiply defined.


LaTeX Warning: Label `temporaldrt:AbstractDrs:normalize' multiply defined.


LaTeX Warning: Label `temporaldrt:AbstractDrs:normalize' multiply defined.


LaTeX Warning: Label `temporaldrt:AbstractDrs:normalize' multiply defined.


LaTeX Warning: Label `temporaldrt:AbstractDrs:normalize' multiply defined.


LaTeX Warning: Label `temporaldrt:AbstractDrs:normalize' multiply defined.


LaTeX Warning: Label `temporaldrt:AbstractDrs:normalize' multiply defined.


LaTeX Warning: Label `temporaldrt:AbstractDrs:normalize' multiply defined.


LaTeX Warning: Label `temporaldrt:AbstractDrs:normalize' multiply defined.


LaTeX Warning: Label `temporaldrt:AbstractDrs:normalize' multiply defined.


LaTeX Warning: Label `temporaldrt:AbstractDrs:normalize' multiply defined.


LaTeX Warning: Label `temporaldrt:AbstractDrs:normalize' multiply defined.


LaTeX Warning: Label `temporaldrt:AbstractDrs:normalize' multiply defined.


LaTeX Warning: Label `temporaldrt:AbstractDrs:normalize' multiply defined.


LaTeX Warning: Label `temporaldrt:AbstractDrs:normalize' multiply defined.


LaTeX Warning: Label `temporaldrt:AbstractDrs:normalize' multiply defined.


LaTeX Warning: Label `temporaldrt:AbstractDrs:normalize' multiply defined.


LaTeX Warning: Label `temporaldrt:AbstractDrs:normalize' multiply defined.


LaTeX Warning: Label `temporaldrt:AbstractDrs:normalize' multiply defined.


LaTeX Warning: Label `temporaldrt:AbstractDrs:normalize' multiply defined.


LaTeX Warning: Label `temporaldrt:AbstractDrs:normalize' multiply defined.


LaTeX Warning: Label `temporaldrt:AbstractDrs:resolve' multiply defined.

))
\openout1 = `api.aux'.

LaTeX Font Info:    Checking defaults for OML/cmm/m/it on input line 80.
LaTeX Font Info:    ... okay on input line 80.
LaTeX Font Info:    Checking defaults for T1/cmr/m/n on input line 80.
LaTeX Font Info:    ... okay on input line 80.
LaTeX Font Info:    Checking defaults for OT1/cmr/m/n on input line 80.
LaTeX Font Info:    ... okay on input line 80.
LaTeX Font Info:    Checking defaults for OMS/cmsy/m/n on input line 80.
LaTeX Font Info:    ... okay on input line 80.
LaTeX Font Info:    Checking defaults for OMX/cmex/m/n on input line 80.
LaTeX Font Info:    ... okay on input line 80.
LaTeX Font Info:    Checking defaults for U/cmr/m/n on input line 80.
LaTeX Font Info:    ... okay on input line 80.
LaTeX Font Info:    Checking defaults for PD1/pdf/m/n on input line 80.
LaTeX Font Info:    ... okay on input line 80.
Package hyperref Info: Link coloring ON on input line 80.
 (/usr/share/texmf-texlive/tex/latex/hyperref/nameref.sty
Package: nameref 2007/05/29 v2.31 Cross-referencing by name of section

(/usr/share/texmf-texlive/tex/latex/oberdiek/refcount.sty
Package: refcount 2008/08/11 v3.1 Data extraction from references (HO)
)
\c@section@level=\count99
)
LaTeX Info: Redefining \ref on input line 80.
LaTeX Info: Redefining \pageref on input line 80.
 (./api.out)
(./api.out)
\@outlinefile=\write4
\openout4 = `api.out'.

\AtBeginShipoutBox=\box31
LaTeX Font Info:    Try loading font information for U+msa on input line 95.
 (/usr/share/texmf-texlive/tex/latex/amsfonts/umsa.fd
File: umsa.fd 2009/06/22 v3.00 AMS symbols A
)
LaTeX Font Info:    Try loading font information for U+msb on input line 95.

(/usr/share/texmf-texlive/tex/latex/amsfonts/umsb.fd
File: umsb.fd 2009/06/22 v3.00 AMS symbols B
) (./api.toc [1

] [2])
\tf@toc=\write5
\openout5 = `api.toc'.


[3]
\openout2 = `temporaldrt-module.aux'.

 (./temporaldrt-module.tex [4

]
Overfull \hbox (61.97874pt too wide) in paragraph at lines 311--320
[]\OT1/cmr/bx/n/10 Known Sub-classes: \OT1/cmr/m/n/10 tem-po-ral-drt.DrtBoolean
Expression, tem-po-ral-drt.DRS, tem-po-ral-drt.DrtAbstractVariableExpression,
 []


Overfull \hbox (21.0795pt too wide) in paragraph at lines 311--320
\OT1/cmr/m/n/10 tem-po-ral-drt.DrtApplicationExpression, tem-po-ral-drt.DrtEqua
lityExpression, tem-po-ral-drt.DrtLambdaExpression,
 []

[5]
Overfull \hbox (2.40504pt too wide) in paragraph at lines 472--473
[][][]\OT1/cmr/m/n/12 and[][](), draw(), get[]refs(), is[]pronoun[]function(), 
re-solve[]anaphora(), tp[]equals(),
 []


Overfull \hbox (27.68022pt too wide) in paragraph at lines 478--479
[][][]\OT1/cmr/m/n/12 delattr[][](), [][]format[][](), [][]getattribute[][](), 
[][]hash[][](), [][]init[][](), [][]new[][](), [][]reduce[][](),
 []


Overfull \hbox (50.19322pt too wide) in paragraph at lines 511--777
[] 
 []

[6] [7]
Overfull \vbox (3.93108pt too high) has occurred while \output is active []


[8]
Overfull \hbox (11.49162pt too wide) in paragraph at lines 857--858
[][][]\OT1/cmr/m/n/12 and[][](), draw(), is[]pronoun[]function(), re-solve[]ana
phora(), tp[]equals(), type-check() 
 []


Overfull \hbox (28.29387pt too wide) in paragraph at lines 869--870
[][][]\OT1/cmr/m/n/12 call[][](), [][]hash[][](), [][]neq[][](), [][]repr[][]()
, [][]str[][](), free(), negate(), sub-sti-tute[]bindings(),
 []


Overfull \hbox (3.2405pt too wide) in paragraph at lines 875--876
[][][]\OT1/cmr/m/n/12 delattr[][](), [][]format[][](), [][]getattribute[][](), 
[][]new[][](), [][]reduce[][](), [][]reduce[]ex[][](),
 []

[9] [10] [11]
Overfull \hbox (11.49162pt too wide) in paragraph at lines 1236--1237
[][][]\OT1/cmr/m/n/12 and[][](), draw(), is[]pronoun[]function(), re-solve[]ana
phora(), tp[]equals(), type-check() 
 []


Overfull \hbox (3.2405pt too wide) in paragraph at lines 1248--1249
[][][]\OT1/cmr/m/n/12 delattr[][](), [][]format[][](), [][]getattribute[][](), 
[][]new[][](), [][]reduce[][](), [][]reduce[]ex[][](),
 []

[12]
Overfull \hbox (74.37662pt too wide) in paragraph at lines 1398--1503
[] 
 []

[13]
Overfull \hbox (72.39055pt too wide) in paragraph at lines 1504--1508
[]\OT1/cmr/bx/n/12 Known Sub-classes: \OT1/cmr/m/n/12 tem-po-ral-drt.DrtConstan
tExpression, tem-po-ral-drt.DrtIndividualVariableExpression,
 []


Overfull \hbox (11.49162pt too wide) in paragraph at lines 1545--1546
[][][]\OT1/cmr/m/n/12 and[][](), draw(), is[]pronoun[]function(), re-solve[]ana
phora(), tp[]equals(), type-check() 
 []

[14]
Overfull \hbox (28.29387pt too wide) in paragraph at lines 1557--1558
[][][]\OT1/cmr/m/n/12 call[][](), [][]hash[][](), [][]neq[][](), [][]repr[][]()
, [][]str[][](), free(), negate(), sub-sti-tute[]bindings(),
 []


Overfull \hbox (3.2405pt too wide) in paragraph at lines 1563--1564
[][][]\OT1/cmr/m/n/12 delattr[][](), [][]format[][](), [][]getattribute[][](), 
[][]new[][](), [][]reduce[][](), [][]reduce[]ex[][](),
 []

[15]
Overfull \hbox (42.41965pt too wide) in paragraph at lines 1713--1818
[] 
 []


Overfull \hbox (174.34923pt too wide) in paragraph at lines 1819--1824
[]\OT1/cmr/bx/n/12 Known Sub-classes: \OT1/cmr/m/n/12 tem-po-ral-drt.DrtTimeApp
licationExpression, tem-po-ral-drt.DrtPossiblePresuppAccomodationExpression,
 []


Overfull \hbox (73.97827pt too wide) in paragraph at lines 1819--1824
\OT1/cmr/m/n/12 tem-po-ral-drt.DrtPresuppositionApplicationExpression, tem-po-r
al-drt.DrtProperNameApplicationExpression 
 []

[16]
Overfull \hbox (11.49162pt too wide) in paragraph at lines 1861--1862
[][][]\OT1/cmr/m/n/12 and[][](), draw(), is[]pronoun[]function(), re-solve[]ana
phora(), tp[]equals(), type-check() 
 []


Overfull \hbox (45.5923pt too wide) in paragraph at lines 1873--1874
[][][]\OT1/cmr/m/n/12 call[][](), [][]hash[][](), [][]neq[][](), [][]repr[][]()
, [][]str[][](), negate(), re-place(), sub-sti-tute[]bindings(),
 []


Overfull \hbox (3.2405pt too wide) in paragraph at lines 1879--1880
[][][]\OT1/cmr/m/n/12 delattr[][](), [][]format[][](), [][]getattribute[][](), 
[][]new[][](), [][]reduce[][](), [][]reduce[]ex[][](),
 []

[17]
Overfull \hbox (45.35715pt too wide) in paragraph at lines 2032--2154
[] 
 []

[18]
Overfull \hbox (11.49162pt too wide) in paragraph at lines 2197--2198
[][][]\OT1/cmr/m/n/12 and[][](), draw(), is[]pronoun[]function(), re-solve[]ana
phora(), tp[]equals(), type-check() 
 []

[19]
Overfull \hbox (3.2405pt too wide) in paragraph at lines 2215--2216
[][][]\OT1/cmr/m/n/12 delattr[][](), [][]format[][](), [][]getattribute[][](), 
[][]new[][](), [][]reduce[][](), [][]reduce[]ex[][](),
 []

[20]
Overfull \hbox (51.42522pt too wide) in paragraph at lines 2365--2658
[] 
 []

[21] [22]
Overfull \vbox (90.26439pt too high) has occurred while \output is active []


[23]
Overfull \hbox (11.49162pt too wide) in paragraph at lines 2678--2679
[][][]\OT1/cmr/m/n/12 and[][](), draw(), is[]pronoun[]function(), re-solve[]ana
phora(), tp[]equals(), type-check() 
 []


Overfull \hbox (3.2405pt too wide) in paragraph at lines 2702--2703
[][][]\OT1/cmr/m/n/12 delattr[][](), [][]format[][](), [][]getattribute[][](), 
[][]new[][](), [][]reduce[][](), [][]reduce[]ex[][](),
 []

[24]
Overfull \hbox (47.46132pt too wide) in paragraph at lines 2874--2996
[] 
 []

[25]
Overfull \hbox (11.49162pt too wide) in paragraph at lines 3033--3034
[][][]\OT1/cmr/m/n/12 and[][](), draw(), is[]pronoun[]function(), re-solve[]ana
phora(), tp[]equals(), type-check() 
 []

[26]
Overfull \hbox (3.2405pt too wide) in paragraph at lines 3057--3058
[][][]\OT1/cmr/m/n/12 delattr[][](), [][]format[][](), [][]getattribute[][](), 
[][]new[][](), [][]reduce[][](), [][]reduce[]ex[][](),
 []

[27]
Overfull \hbox (104.92659pt too wide) in paragraph at lines 3207--3833
[] 
 []

[28] [29]
Overfull \vbox (678.26439pt too high) has occurred while \output is active []


[30]
Overfull \hbox (11.49162pt too wide) in paragraph at lines 3851--3852
[][][]\OT1/cmr/m/n/12 and[][](), draw(), is[]pronoun[]function(), re-solve[]ana
phora(), tp[]equals(), type-check() 
 []


Overfull \hbox (28.29387pt too wide) in paragraph at lines 3863--3864
[][][]\OT1/cmr/m/n/12 call[][](), [][]hash[][](), [][]neq[][](), [][]repr[][]()
, [][]str[][](), free(), negate(), sub-sti-tute[]bindings(),
 []


Overfull \hbox (3.2405pt too wide) in paragraph at lines 3869--3870
[][][]\OT1/cmr/m/n/12 delattr[][](), [][]format[][](), [][]getattribute[][](), 
[][]new[][](), [][]reduce[][](), [][]reduce[]ex[][](),
 []

[31]
Overfull \hbox (98.39188pt too wide) in paragraph at lines 4041--4334
[] 
 []

[32] [33]
Overfull \vbox (90.26439pt too high) has occurred while \output is active []


[34]
Overfull \hbox (11.49162pt too wide) in paragraph at lines 4352--4353
[][][]\OT1/cmr/m/n/12 and[][](), draw(), is[]pronoun[]function(), re-solve[]ana
phora(), tp[]equals(), type-check() 
 []


Overfull \hbox (3.2405pt too wide) in paragraph at lines 4376--4377
[][][]\OT1/cmr/m/n/12 delattr[][](), [][]format[][](), [][]getattribute[][](), 
[][]new[][](), [][]reduce[][](), [][]reduce[]ex[][](),
 []

[35]
Overfull \hbox (34.81549pt too wide) in paragraph at lines 4548--4898
[] 
 []

[36] [37]
Overfull \vbox (174.26439pt too high) has occurred while \output is active []


[38]
Overfull \hbox (11.49162pt too wide) in paragraph at lines 4922--4923
[][][]\OT1/cmr/m/n/12 and[][](), draw(), is[]pronoun[]function(), re-solve[]ana
phora(), tp[]equals(), type-check() 
 []


Overfull \hbox (3.2405pt too wide) in paragraph at lines 4946--4947
[][][]\OT1/cmr/m/n/12 delattr[][](), [][]format[][](), [][]getattribute[][](), 
[][]new[][](), [][]reduce[][](), [][]reduce[]ex[][](),
 []

[39]
Overfull \hbox (45.69049pt too wide) in paragraph at lines 5118--5468
[] 
 []

[40] [41]
Overfull \vbox (174.26439pt too high) has occurred while \output is active []


[42]
Overfull \hbox (11.49162pt too wide) in paragraph at lines 5511--5512
[][][]\OT1/cmr/m/n/12 and[][](), draw(), is[]pronoun[]function(), re-solve[]ana
phora(), tp[]equals(), type-check() 
 []


Overfull \hbox (3.2405pt too wide) in paragraph at lines 5535--5536
[][][]\OT1/cmr/m/n/12 delattr[][](), [][]format[][](), [][]getattribute[][](), 
[][]new[][](), [][]reduce[][](), [][]reduce[]ex[][](),
 []

[43]
Overfull \hbox (106.74605pt too wide) in paragraph at lines 5685--5978
[] 
 []

[44] [45]
Overfull \vbox (90.26439pt too high) has occurred while \output is active []


[46]
Overfull \hbox (69.22253pt too wide) in paragraph at lines 5979--5982
[]\OT1/cmr/bx/n/12 Known Sub-classes: \OT1/cmr/m/n/12 tem-po-ral-drt.DrtEventVa
riableExpression, tem-po-ral-drt.DrtTimeVariableExpression 
 []


Overfull \hbox (11.49162pt too wide) in paragraph at lines 6000--6001
[][][]\OT1/cmr/m/n/12 and[][](), draw(), is[]pronoun[]function(), re-solve[]ana
phora(), tp[]equals(), type-check() 
 []


Overfull \hbox (28.29387pt too wide) in paragraph at lines 6012--6013
[][][]\OT1/cmr/m/n/12 call[][](), [][]hash[][](), [][]neq[][](), [][]repr[][]()
, [][]str[][](), free(), negate(), sub-sti-tute[]bindings(),
 []


Overfull \hbox (3.2405pt too wide) in paragraph at lines 6018--6019
[][][]\OT1/cmr/m/n/12 delattr[][](), [][]format[][](), [][]getattribute[][](), 
[][]new[][](), [][]reduce[][](), [][]reduce[]ex[][](),
 []

[47]
Overfull \hbox (45.39882pt too wide) in paragraph at lines 6190--6312
[] 
 []

[48] [49]
Overfull \hbox (2.40504pt too wide) in paragraph at lines 6424--6425
[][][]\OT1/cmr/m/n/12 and[][](), draw(), get[]refs(), is[]pronoun[]function(), 
re-solve[]anaphora(), tp[]equals(),
 []


Overfull \hbox (3.2405pt too wide) in paragraph at lines 6448--6449
[][][]\OT1/cmr/m/n/12 delattr[][](), [][]format[][](), [][]getattribute[][](), 
[][]new[][](), [][]reduce[][](), [][]reduce[]ex[][](),
 []

[50]
Overfull \hbox (172.01685pt too wide) in paragraph at lines 6598--6759
[] 
 []

[51]
Overfull \hbox (11.49162pt too wide) in paragraph at lines 6794--6795
[][][]\OT1/cmr/m/n/12 and[][](), draw(), is[]pronoun[]function(), re-solve[]ana
phora(), tp[]equals(), type-check() 
 []

[52]
Overfull \hbox (45.5923pt too wide) in paragraph at lines 6806--6807
[][][]\OT1/cmr/m/n/12 call[][](), [][]hash[][](), [][]neq[][](), [][]repr[][]()
, [][]str[][](), negate(), re-place(), sub-sti-tute[]bindings(),
 []


Overfull \hbox (3.2405pt too wide) in paragraph at lines 6812--6813
[][][]\OT1/cmr/m/n/12 delattr[][](), [][]format[][](), [][]getattribute[][](), 
[][]new[][](), [][]reduce[][](), [][]reduce[]ex[][](),
 []

[53]
Overfull \hbox (22.8502pt too wide) in paragraph at lines 6965--7070
[] 
 []

[54]
Overfull \hbox (11.49162pt too wide) in paragraph at lines 7107--7108
[][][]\OT1/cmr/m/n/12 and[][](), draw(), is[]pronoun[]function(), re-solve[]ana
phora(), tp[]equals(), type-check() 
 []


Overfull \hbox (3.2405pt too wide) in paragraph at lines 7125--7126
[][][]\OT1/cmr/m/n/12 delattr[][](), [][]format[][](), [][]getattribute[][](), 
[][]new[][](), [][]reduce[][](), [][]reduce[]ex[][](),
 []

[55]
Overfull \hbox (37.56548pt too wide) in paragraph at lines 7275--7625
[] 
 []

[56] [57]
Overfull \vbox (174.26439pt too high) has occurred while \output is active []


[58]
Overfull \hbox (11.49162pt too wide) in paragraph at lines 7649--7650
[][][]\OT1/cmr/m/n/12 and[][](), draw(), is[]pronoun[]function(), re-solve[]ana
phora(), tp[]equals(), type-check() 
 []


Overfull \hbox (3.2405pt too wide) in paragraph at lines 7673--7674
[][][]\OT1/cmr/m/n/12 delattr[][](), [][]format[][](), [][]getattribute[][](), 
[][]new[][](), [][]reduce[][](), [][]reduce[]ex[][](),
 []

[59] [60]
Overfull \hbox (172.65695pt too wide) in paragraph at lines 7996--7997
\OT1/cmr/m/n/12 tempt[]BooleanExpression(), at-tempt[]EqualityExpression(), at-
tempt[]adjuncts(), get[]QuantifiedExpression[]factory(),
 []


Overfull \hbox (3.88033pt too wide) in paragraph at lines 7996--7997
\OT1/cmr/m/n/12 get[]next[]token[]variable(), han-dle[]lambda(), han-dle[]negat
ion(), han-dle[]open(), han-
 []


Overfull \hbox (18.45909pt too wide) in paragraph at lines 7996--7997
\OT1/cmr/m/n/12 dle[]quant(), han-dle[]variable(), has[]priority(), in-Range(),
 make[]QuanifiedExpression(),
 []

[61]
Overfull \hbox (59.00017pt too wide) in paragraph at lines 8002--8003
[][][]\OT1/cmr/m/n/12 delattr[][](), [][]format[][](), [][]getattribute[][](), 
[][]hash[][](), [][]new[][](), [][]reduce[][](), [][]reduce[]ex[][](),
 []


Overfull \hbox (178.67247pt too wide) in paragraph at lines 8032--8164
[] 
 []

[62]
Overfull \hbox (11.49162pt too wide) in paragraph at lines 8182--8183
[][][]\OT1/cmr/m/n/12 and[][](), draw(), is[]pronoun[]function(), re-solve[]ana
phora(), tp[]equals(), type-check() 
 []


Overfull \hbox (45.5923pt too wide) in paragraph at lines 8194--8195
[][][]\OT1/cmr/m/n/12 call[][](), [][]hash[][](), [][]neq[][](), [][]repr[][]()
, [][]str[][](), negate(), re-place(), sub-sti-tute[]bindings(),
 []


Overfull \hbox (3.2405pt too wide) in paragraph at lines 8200--8201
[][][]\OT1/cmr/m/n/12 delattr[][](), [][]format[][](), [][]getattribute[][](), 
[][]new[][](), [][]reduce[][](), [][]reduce[]ex[][](),
 []

[63]
Overfull \hbox (154.59052pt too wide) in paragraph at lines 8375--8507
[] 
 []

[64]
Overfull \hbox (11.49162pt too wide) in paragraph at lines 8557--8558
[][][]\OT1/cmr/m/n/12 and[][](), draw(), is[]pronoun[]function(), re-solve[]ana
phora(), tp[]equals(), type-check() 
 []

[65]
Overfull \hbox (45.5923pt too wide) in paragraph at lines 8569--8570
[][][]\OT1/cmr/m/n/12 call[][](), [][]hash[][](), [][]neq[][](), [][]repr[][]()
, [][]str[][](), negate(), re-place(), sub-sti-tute[]bindings(),
 []


Overfull \hbox (3.2405pt too wide) in paragraph at lines 8575--8576
[][][]\OT1/cmr/m/n/12 delattr[][](), [][]format[][](), [][]getattribute[][](), 
[][]new[][](), [][]reduce[][](), [][]reduce[]ex[][](),
 []

[66]
Overfull \hbox (141.98218pt too wide) in paragraph at lines 8728--8860
[] 
 []

[67]
Overfull \hbox (11.49162pt too wide) in paragraph at lines 8927--8928
[][][]\OT1/cmr/m/n/12 and[][](), draw(), is[]pronoun[]function(), re-solve[]ana
phora(), tp[]equals(), type-check() 
 []


Overfull \hbox (45.5923pt too wide) in paragraph at lines 8939--8940
[][][]\OT1/cmr/m/n/12 call[][](), [][]hash[][](), [][]neq[][](), [][]repr[][]()
, [][]str[][](), negate(), re-place(), sub-sti-tute[]bindings(),
 []


Overfull \hbox (3.2405pt too wide) in paragraph at lines 8945--8946
[][][]\OT1/cmr/m/n/12 delattr[][](), [][]format[][](), [][]getattribute[][](), 
[][]new[][](), [][]reduce[][](), [][]reduce[]ex[][](),
 []

[68]
Overfull \hbox (97.47523pt too wide) in paragraph at lines 9098--9446
[] 
 []

[69] [70]
Overfull \vbox (118.26439pt too high) has occurred while \output is active []


[71]
Overfull \hbox (11.49162pt too wide) in paragraph at lines 9466--9467
[][][]\OT1/cmr/m/n/12 and[][](), draw(), is[]pronoun[]function(), re-solve[]ana
phora(), tp[]equals(), type-check() 
 []


Overfull \hbox (3.2405pt too wide) in paragraph at lines 9490--9491
[][][]\OT1/cmr/m/n/12 delattr[][](), [][]format[][](), [][]getattribute[][](), 
[][]new[][](), [][]reduce[][](), [][]reduce[]ex[][](),
 []

[72]
Overfull \hbox (96.96823pt too wide) in paragraph at lines 9662--9794
[] 
 []

[73]
Overfull \hbox (11.49162pt too wide) in paragraph at lines 9816--9817
[][][]\OT1/cmr/m/n/12 and[][](), draw(), is[]pronoun[]function(), re-solve[]ana
phora(), tp[]equals(), type-check() 
 []


Overfull \hbox (45.5923pt too wide) in paragraph at lines 9828--9829
[][][]\OT1/cmr/m/n/12 call[][](), [][]hash[][](), [][]neq[][](), [][]repr[][]()
, [][]str[][](), negate(), re-place(), sub-sti-tute[]bindings(),
 []

[74]
Overfull \hbox (3.2405pt too wide) in paragraph at lines 9834--9835
[][][]\OT1/cmr/m/n/12 delattr[][](), [][]format[][](), [][]getattribute[][](), 
[][]new[][](), [][]reduce[][](), [][]reduce[]ex[][](),
 []

[75]
Overfull \hbox (101.32935pt too wide) in paragraph at lines 10009--10429
[] 
 []

[76] [77]
Overfull \vbox (286.26439pt too high) has occurred while \output is active []


[78]
Overfull \hbox (11.49162pt too wide) in paragraph at lines 10449--10450
[][][]\OT1/cmr/m/n/12 and[][](), draw(), is[]pronoun[]function(), re-solve[]ana
phora(), tp[]equals(), type-check() 
 []


Overfull \hbox (28.29387pt too wide) in paragraph at lines 10461--10462
[][][]\OT1/cmr/m/n/12 call[][](), [][]hash[][](), [][]neq[][](), [][]repr[][]()
, [][]str[][](), free(), negate(), sub-sti-tute[]bindings(),
 []


Overfull \hbox (3.2405pt too wide) in paragraph at lines 10467--10468
[][][]\OT1/cmr/m/n/12 delattr[][](), [][]format[][](), [][]getattribute[][](), 
[][]new[][](), [][]reduce[][](), [][]reduce[]ex[][](),
 []

[79] [80]
Overfull \hbox (27.68022pt too wide) in paragraph at lines 10681--10682
[][][]\OT1/cmr/m/n/12 delattr[][](), [][]format[][](), [][]getattribute[][](), 
[][]hash[][](), [][]init[][](), [][]new[][](), [][]reduce[][](),
 []


Overfull \hbox (0.65338pt too wide) in paragraph at lines 10741--10771
[] 
 []

[81] [82]
Overfull \hbox (41.78008pt too wide) in paragraph at lines 10956--10957
[][][]\OT1/cmr/m/n/12 contains[][](), [][]delitem[][](), [][]delslice[][](), []
[]eq[][](), [][]ge[][](), [][]getattribute[][](), [][]getitem[][](),
 []


Overfull \hbox (2.40504pt too wide) in paragraph at lines 10962--10963
[][][]\OT1/cmr/m/n/12 and[][](), draw(), get[]refs(), is[]pronoun[]function(), 
re-solve[]anaphora(), tp[]equals(),
 []

[83]
Overfull \hbox (18.84172pt too wide) in paragraph at lines 10974--10975
[][][]\OT1/cmr/m/n/12 delattr[][](), [][]format[][](), [][]reduce[][](), [][]re
duce[]ex[][](), [][]setattr[][](), [][]subclasshook[][]() 
 []

[84] [85]
Overfull \hbox (53.05995pt too wide) in paragraph at lines 11249--11250
[][][]\OT1/cmr/m/n/12 delattr[][](), [][]format[][](), [][]getattribute[][](), 
[][]init[][](), [][]new[][](), [][]reduce[][](), [][]reduce[]ex[][](),
 []


Overfull \hbox (32.21822pt too wide) in paragraph at lines 11279--11337
[] 
 []

[86]
Overfull \hbox (12.43144pt too wide) in paragraph at lines 11360--11361
[][][]\OT1/cmr/m/n/12 and[][](), [][]call[][](), [][]gt[][](), [][]hash[][](), 
[][]lt[][](), [][]neg[][](), [][]neq[][](), [][]or[][](), [][]repr[][](),
 []


Overfull \hbox (3.2405pt too wide) in paragraph at lines 11366--11367
[][][]\OT1/cmr/m/n/12 delattr[][](), [][]format[][](), [][]getattribute[][](), 
[][]new[][](), [][]reduce[][](), [][]reduce[]ex[][](),
 []

) [87] (./api.ind
Overfull \hbox (32.67653pt too wide) in paragraph at lines 5--14
[]| \OT1/cmr/m/n/12 tem-po-ral-drt.AbstractDrs.normalize \OT1/cmr/m/it/12 (meth
od)\OT1/cmr/m/n/12 ,
 []


Overfull \hbox (17.72807pt too wide) in paragraph at lines 14--16
[]| \OT1/cmr/m/n/12 tem-po-ral-drt.AbstractDrs.resolve \OT1/cmr/m/it/12 (method
)\OT1/cmr/m/n/12 ,
 []


Overfull \hbox (7.73355pt too wide) in paragraph at lines 16--18
[]| \OT1/cmr/m/n/12 tem-po-ral-drt.ConcatenationDRS \OT1/cmr/m/it/12 (class)\OT
1/cmr/m/n/12 , [][][][][][]--
 []


Overfull \hbox (15.83823pt too wide) in paragraph at lines 19--21
[]| \OT1/cmr/m/n/12 tem-po-ral-drt.DrtAbstractVariableExpression
 []


Overfull \hbox (27.83603pt too wide) in paragraph at lines 21--23
[]| \OT1/cmr/m/n/12 tem-po-ral-drt.DrtApplicationExpression \OT1/cmr/m/it/12 (c
lass)\OT1/cmr/m/n/12 ,
 []


Overfull \hbox (9.39734pt too wide) in paragraph at lines 23--25
[]| \OT1/cmr/m/n/12 tem-po-ral-drt.DrtBooleanExpression \OT1/cmr/m/it/12 (class
)\OT1/cmr/m/n/12 ,
 []


Overfull \hbox (14.85005pt too wide) in paragraph at lines 25--27
[]| \OT1/cmr/m/n/12 tem-po-ral-drt.DrtConstantExpression \OT1/cmr/m/it/12 (clas
s)\OT1/cmr/m/n/12 ,
 []


Overfull \hbox (11.68204pt too wide) in paragraph at lines 27--29
[]| \OT1/cmr/m/n/12 tem-po-ral-drt.DrtEqualityExpression \OT1/cmr/m/it/12 (clas
s)\OT1/cmr/m/n/12 ,
 []


Overfull \hbox (0.9245pt too wide) in paragraph at lines 29--31
[]| \OT1/cmr/m/n/12 tem-po-ral-drt.DrtEventVariableExpression
 []


Overfull \hbox (16.26462pt too wide) in paragraph at lines 31--33
[]| \OT1/cmr/m/n/12 tem-po-ral-drt.DrtFunctionVariableExpression
 []


Overfull \hbox (9.16678pt too wide) in paragraph at lines 35--37
[]| \OT1/cmr/m/n/12 tem-po-ral-drt.DrtImpExpression \OT1/cmr/m/it/12 (class)\OT
1/cmr/m/n/12 , [][][][][][]--
 []


Overfull \hbox (23.27982pt too wide) in paragraph at lines 37--39
[]| \OT1/cmr/m/n/12 tem-po-ral-drt.DrtIndividualVariableExpression
 []


Overfull \hbox (10.05011pt too wide) in paragraph at lines 39--41
[]| \OT1/cmr/m/n/12 tem-po-ral-drt.DrtLambdaExpression \OT1/cmr/m/it/12 (class)
\OT1/cmr/m/n/12 ,
 []


Overfull \hbox (60.00027pt too wide) in paragraph at lines 41--43
[]| \OT1/cmr/m/n/12 tem-po-ral-drt.DrtLocationTimeApplicationExpression
 []


Overfull \hbox (10.21121pt too wide) in paragraph at lines 43--45
[]| \OT1/cmr/m/n/12 tem-po-ral-drt.DrtNegatedExpression \OT1/cmr/m/it/12 (class
)\OT1/cmr/m/n/12 ,
 []


Overfull \hbox (2.31685pt too wide) in paragraph at lines 45--47
[]| \OT1/cmr/m/n/12 tem-po-ral-drt.DrtOrExpression \OT1/cmr/m/it/12 (class)\OT1
/cmr/m/n/12 , [][][][][][]--
 []


Overfull \hbox (85.4889pt too wide) in paragraph at lines 48--50
[]| \OT1/cmr/m/n/12 tem-po-ral-drt.DrtPossiblePresuppAccomodationExpression
 []


Overfull \hbox (64.70023pt too wide) in paragraph at lines 50--52
[]| \OT1/cmr/m/n/12 tem-po-ral-drt.DrtPresuppositionApplicationExpression
 []


Overfull \hbox (138.00595pt too wide) in paragraph at lines 52--54
[]| \OT1/cmr/m/n/12 tem-po-ral-drt.DrtPresuppositionApplicationExpression.get[]
variable
 []


Overfull \hbox (53.14201pt too wide) in paragraph at lines 54--56
[]| \OT1/cmr/m/n/12 tem-po-ral-drt.DrtProperNameApplicationExpression
 []


Overfull \hbox (126.44774pt too wide) in paragraph at lines 56--58
[]| \OT1/cmr/m/n/12 tem-po-ral-drt.DrtProperNameApplicationExpression.get[]vari
able
 []


Overfull \hbox (32.89293pt too wide) in paragraph at lines 58--60
[]| \OT1/cmr/m/n/12 tem-po-ral-drt.DrtProperNameExpression \OT1/cmr/m/it/12 (cl
ass)\OT1/cmr/m/n/12 ,
 []


Overfull \hbox (15.12434pt too wide) in paragraph at lines 60--62
[]| \OT1/cmr/m/n/12 tem-po-ral-drt.DrtTimeApplicationExpression
 []


Overfull \hbox (37.30121pt too wide) in paragraph at lines 62--64
[]| \OT1/cmr/m/n/12 tem-po-ral-drt.DrtTimeVariableExpression \OT1/cmr/m/it/12 (
class)\OT1/cmr/m/n/12 ,
 []


Overfull \hbox (4.57368pt too wide) in paragraph at lines 65--67
[]| \OT1/cmr/m/n/12 tem-po-ral-drt.DrtVariableExpression \OT1/cmr/m/it/12 (func
-
 []


Overfull \hbox (32.52278pt too wide) in paragraph at lines 71--73
[]| \OT1/cmr/m/n/12 tem-po-ral-drt.LocationTimeResolutionException
 []


Overfull \hbox (1.70879pt too wide) in paragraph at lines 80--82
[]| \OT1/cmr/m/n/12 tem-po-ral-drt.TimeType.str \OT1/cmr/m/it/12 (method)\OT1/c
mr/m/n/12 , [][][][][][] 
 []


Overfull \hbox (19.18889pt too wide) in paragraph at lines 82--84
[]| \OT1/cmr/m/n/12 tem-po-ral-drt.TimeVariableExpression \OT1/cmr/m/it/12 (cla
ss)\OT1/cmr/m/n/12 ,
 []

[88


]) (./api.aux (./temporaldrt-module.aux))

LaTeX Warning: There were multiply-defined labels.

 ) 
Here is how much of TeX's memory you used:
 5040 strings out of 495062
 72721 string characters out of 1182644
 207467 words of memory out of 3000000
 8105 multiletter control sequences out of 15000+50000
 13889 words of font info for 53 fonts, out of 3000000 for 9000
 28 hyphenation exceptions out of 8191
 38i,12n,43p,536b,400s stack positions out of 5000i,500n,10000p,200000b,50000s

Output written on api.dvi (88 pages, 424428 bytes).
